<?xml version="1.0" encoding="UTF-8"?>
<testsuite name="com.eventapp.prototype.validator.UserCreateFormPasswordValidatorTest" time="0" tests="4" errors="0" skipped="0" failures="0">
  <properties>
[...]
</properties>
  <testcase name="shouldSayItSupports_GivenItReceivesDifferentClass_ThenShouldReturnFalse" classname="com.eventapp.prototype.validator.UserCreateFormPasswordValidatorTest" time="0"/>
  <testcase name="shouldSayItSupports_GivenItReceivesUserCreateFormClass" classname="com.eventapp.prototype.validator.UserCreateFormPasswordValidatorTest" time="0"/>
  <testcase name="shouldValidate_GivenPasswordsDoNotMatch_ThenErrorIsSet" classname="com.eventapp.prototype.validator.UserCreateFormPasswordValidatorTest" time="0"/>
  <testcase name="shouldValidate_GivenPasswordsMatch_ThenErrorIsNotSet" classname="com.eventapp.prototype.validator.UserCreateFormPasswordValidatorTest" time="0"/>
</testsuite>